[2021-03-04T13:10:47.701466+00:00] application-generale.INFO: Recuperation des données de toutes les annonces -- SUCCESS [] []
[2021-03-04T13:10:47.704454+00:00] application-generale.INFO: Recuperation des données du nombre d'annonces -- SUCCESS [] []
[2021-03-04T13:10:47.705800+00:00] application-generale.INFO: Recuperation des données des villes -- SUCCESS [] []
[2021-03-04T13:10:47.706034+00:00] application-generale.INFO: Recuperation des données -- FIN DES REQ [] []
[2021-03-04T13:10:47.714974+00:00] application-generale.INFO: Recuperation des données des regles -- SUCCESS [] []
[2021-03-04T13:10:47.716377+00:00] application-generale.INFO: Recuperation des données des regles -- SUCCESS [] []
[2021-03-04T13:10:47.716511+00:00] application-generale.INFO: Recuperation des données -- FIN DES REQ [] []
[2021-03-04T13:10:47.719766+00:00] application-generale.INFO: Recuperation des données des regles -- SUCCESS [] []
[2021-03-04T13:10:47.720203+00:00] application-generale.INFO: Recuperation des données des regles -- SUCCESS [] []
[2021-03-04T13:10:47.720251+00:00] application-generale.INFO: Recuperation des données -- FIN DES REQ [] []
[2021-03-04T13:10:47.740538+00:00] application-generale.INFO: Recuperation des données des regles -- SUCCESS [] []
[2021-03-04T13:10:47.741076+00:00] application-generale.INFO: Recuperation des données des regles -- SUCCESS [] []
[2021-03-04T13:10:47.741141+00:00] application-generale.INFO: Recuperation des données -- FIN DES REQ [] []
[2021-03-04T13:10:47.756289+00:00] application-generale.INFO: Recuperation des données des regles -- SUCCESS [] []
[2021-03-04T13:10:47.757012+00:00] application-generale.INFO: Recuperation des données des regles -- SUCCESS [] []
[2021-03-04T13:10:47.757100+00:00] application-generale.INFO: Recuperation des données -- FIN DES REQ [] []
[2021-03-04T13:10:47.760020+00:00] application-generale.INFO: Recuperation des données des regles -- SUCCESS [] []
[2021-03-04T13:10:47.760554+00:00] application-generale.INFO: Recuperation des données des regles -- SUCCESS [] []
[2021-03-04T13:10:47.760619+00:00] application-generale.INFO: Recuperation des données -- FIN DES REQ [] []
[2021-03-04T13:11:25.444871+00:00] application-generale.INFO: Recuperation des données des equipements -- SUCCESS [] []
[2021-03-04T13:11:25.446960+00:00] application-generale.INFO: Recuperation des données des villes -- SUCCESS [] []
[2021-03-04T13:11:25.450201+00:00] application-generale.INFO: Recuperation des données des regles -- SUCCESS [] []
[2021-03-04T13:11:25.450322+00:00] application-generale.INFO: Recuperation des données -- FIN DES REQ [] []
[2021-03-04T14:12:30.611061+00:00] application-generale.INFO: Creation d'une annonce -- VERIF SERVEUR OK [] []
[2021-03-04T14:12:30.618050+00:00] application-generale.INFO: Creation d'une annonce -- SANITIZE OK [] []
[2021-03-04T14:12:30.622499+00:00] application-generale.INFO: Creation d'une annonce -- TABLE LOGEMENT OK [] []
[2021-03-04T14:12:30.623328+00:00] application-generale.INFO:  [] []
[2021-03-04T14:12:30.643539+00:00] application-generale.INFO: Chambre Cosy [] []
[2021-03-04T14:12:30.643598+00:00] application-generale.INFO: Chambre Spacieuse [] []
[2021-03-04T14:12:30.643630+00:00] application-generale.INFO: 12 [] []
[2021-03-04T14:12:30.643659+00:00] application-generale.INFO: Chambre principale [] []
[2021-03-04T14:12:30.643687+00:00] application-generale.INFO: 2021-03-19 [] []
[2021-03-04T14:12:30.643714+00:00] application-generale.INFO: 12 [] []
[2021-03-04T14:12:30.643741+00:00] application-generale.INFO: 500 [] []
[2021-03-04T14:12:30.643767+00:00] application-generale.INFO: 50 [] []
[2021-03-04T14:12:30.643792+00:00] application-generale.INFO: 450 [] []
[2021-03-04T14:12:30.643818+00:00] application-generale.INFO: 45 [] []
[2021-03-04T14:12:30.643845+00:00] application-generale.INFO:  [] []
[2021-03-04T14:12:30.643871+00:00] application-generale.INFO: maison etudiante [] []
[2021-03-04T14:12:30.643897+00:00] application-generale.INFO: maison spacieuse [] []
[2021-03-04T14:12:30.643923+00:00] application-generale.INFO: Maison [] []
[2021-03-04T14:12:30.644006+00:00] application-generale.INFO: 90 [] []
[2021-03-04T14:12:30.644038+00:00] application-generale.INFO: 44 [] []
[2021-03-04T14:12:30.644065+00:00] application-generale.INFO: 1 [] []
[2021-03-04T14:12:30.644090+00:00] application-generale.INFO: 0 [] []
[2021-03-04T14:12:30.644621+00:00] application-generale.INFO: Array [] []
[2021-03-04T14:12:30.644939+00:00] application-generale.INFO: Array [] []
[2021-03-04T14:12:30.644980+00:00] application-generale.INFO: eccbc87e4b5ce2fe28308fd9f2a7baf3 [] []
[2021-03-04T14:12:30.645008+00:00] application-generale.INFO: 30 [] []
[2021-03-04T14:12:30.645034+00:00] application-generale.INFO: 40 [] []
[2021-03-04T14:12:30.645329+00:00] application-generale.INFO: Array [] []
[2021-03-04T14:12:30.646112+00:00] application-generale.INFO: Array [] []
[2021-03-04T14:12:30.646169+00:00] application-generale.INFO: 12 [] []
[2021-03-04T14:12:30.646197+00:00] application-generale.INFO: Chambre principale [] []
[2021-03-04T14:12:30.646505+00:00] application-generale.INFO: Array [] []
[2021-03-04T14:12:30.646812+00:00] application-generale.INFO: Array [] []
[2021-03-04T14:12:30.647125+00:00] application-generale.INFO: Array [] []
[2021-03-04T14:12:30.647760+00:00] application-generale.INFO: Array [] []
[2021-03-04T14:12:30.648066+00:00] application-generale.INFO: Array [] []
[2021-03-04T14:12:30.648360+00:00] application-generale.INFO: Array [] []
[2021-03-04T14:12:30.648641+00:00] application-generale.INFO: Array [] []
[2021-03-04T14:12:30.652204+00:00] application-generale.ERROR: Echec de la Creation d'une annonce (proprietaire) -- SQLSTATE[HY000]: General error: 1366 Incorrect integer value: '' for column 'a_louer' at row 1 [] []
[2021-03-04T14:12:30.671696+00:00] application-generale.INFO: Recuperation des données des equipements -- SUCCESS [] []
[2021-03-04T14:12:30.673914+00:00] application-generale.INFO: Recuperation des données des villes -- SUCCESS [] []
[2021-03-04T14:12:30.677179+00:00] application-generale.INFO: Recuperation des données des regles -- SUCCESS [] []
[2021-03-04T14:12:30.677291+00:00] application-generale.INFO: Recuperation des données -- FIN DES REQ [] []
[2021-03-04T14:12:58.712450+00:00] application-generale.INFO: Recuperation des données du compte utilisateur -- SUCCESS [] []
[2021-03-04T14:12:58.720221+00:00] application-generale.INFO: Recuperation des photos de l'utilisateur -- SUCCESS [] []
[2021-03-04T14:12:58.721696+00:00] application-generale.INFO: Recuperation des données des annonces de l'utilisateur -- SUCCESS [] []
[2021-03-04T14:12:58.721832+00:00] application-generale.INFO: Recuperation des données -- FIN DES REQ [] []
[2021-03-04T14:13:26.214552+00:00] application-generale.INFO: Recuperation des données du compte utilisateur -- SUCCESS [] []
[2021-03-04T14:13:26.219106+00:00] application-generale.INFO: Recuperation des photos de l'utilisateur -- SUCCESS [] []
[2021-03-04T14:13:26.220422+00:00] application-generale.INFO: Recuperation des données des annonces de l'utilisateur -- SUCCESS [] []
[2021-03-04T14:13:26.220598+00:00] application-generale.INFO: Recuperation des données -- FIN DES REQ [] []
[2021-03-04T14:13:31.243339+00:00] application-generale.INFO: Recuperation des données du compte utilisateur -- SUCCESS [] []
[2021-03-04T14:13:31.249039+00:00] application-generale.INFO: Recuperation des photos de l'utilisateur -- SUCCESS [] []
[2021-03-04T14:13:31.251275+00:00] application-generale.INFO: Recuperation des données des annonces de l'utilisateur -- SUCCESS [] []
[2021-03-04T14:13:31.251429+00:00] application-generale.INFO: Recuperation des données -- FIN DES REQ [] []
[2021-03-04T14:27:42.836618+00:00] application-generale.INFO: Recuperation des données des equipements -- SUCCESS [] []
[2021-03-04T14:27:42.842659+00:00] application-generale.INFO: Recuperation des données des villes -- SUCCESS [] []
[2021-03-04T14:27:42.844264+00:00] application-generale.INFO: Recuperation des données des regles -- SUCCESS [] []
[2021-03-04T14:27:42.844514+00:00] application-generale.INFO: Recuperation des données -- FIN DES REQ [] []
[2021-03-04T14:29:41.726012+00:00] application-generale.INFO: Creation d'une annonce -- VERIF SERVEUR OK [] []
[2021-03-04T14:29:41.732556+00:00] application-generale.INFO: Creation d'une annonce -- SANITIZE OK [] []
[2021-03-04T14:29:41.734756+00:00] application-generale.INFO: Creation d'une annonce -- TABLE LOGEMENT OK [] []
[2021-03-04T14:29:41.734846+00:00] application-generale.INFO: 1 [] []
[2021-03-04T14:29:41.750470+00:00] application-generale.INFO: Chambre Cosy [] []
[2021-03-04T14:29:41.750532+00:00] application-generale.INFO: Très Cosy [] []
[2021-03-04T14:29:41.750564+00:00] application-generale.INFO: 12 [] []
[2021-03-04T14:29:41.750592+00:00] application-generale.INFO: Chambre principale [] []
[2021-03-04T14:29:41.750623+00:00] application-generale.INFO: 2021-03-10 [] []
[2021-03-04T14:29:41.750649+00:00] application-generale.INFO: 12 [] []
[2021-03-04T14:29:41.750675+00:00] application-generale.INFO: 500 [] []
[2021-03-04T14:29:41.750701+00:00] application-generale.INFO: 50 [] []
[2021-03-04T14:29:41.750727+00:00] application-generale.INFO: 450 [] []
[2021-03-04T14:29:41.750752+00:00] application-generale.INFO: 45 [] []
[2021-03-04T14:29:41.750783+00:00] application-generale.INFO: 1 [] []
[2021-03-04T14:29:41.750811+00:00] application-generale.INFO: maison etudiante [] []
[2021-03-04T14:29:41.750838+00:00] application-generale.INFO: très cosy [] []
[2021-03-04T14:29:41.750864+00:00] application-generale.INFO: Maison [] []
[2021-03-04T14:29:41.750889+00:00] application-generale.INFO: 95 [] []
[2021-03-04T14:29:41.750915+00:00] application-generale.INFO: 75 [] []
[2021-03-04T14:29:41.750940+00:00] application-generale.INFO: 1 [] []
[2021-03-04T14:29:41.750965+00:00] application-generale.INFO: 0 [] []
[2021-03-04T14:29:41.751587+00:00] application-generale.INFO: Array [] []
[2021-03-04T14:29:41.751966+00:00] application-generale.INFO: Array [] []
[2021-03-04T14:29:41.752039+00:00] application-generale.INFO: eccbc87e4b5ce2fe28308fd9f2a7baf3 [] []
[2021-03-04T14:29:41.752087+00:00] application-generale.INFO: 30 [] []
[2021-03-04T14:29:41.752130+00:00] application-generale.INFO: 40 [] []
[2021-03-04T14:29:41.752422+00:00] application-generale.INFO: Array [] []
[2021-03-04T14:29:41.753123+00:00] application-generale.INFO: Array [] []
[2021-03-04T14:29:41.753173+00:00] application-generale.INFO: 12 [] []
[2021-03-04T14:29:41.753212+00:00] application-generale.INFO: Chambre principale [] []
[2021-03-04T14:29:41.753251+00:00] application-generale.INFO: 1 [] []
[2021-03-04T14:29:41.753533+00:00] application-generale.INFO: Array [] []
[2021-03-04T14:29:41.753815+00:00] application-generale.INFO: Array [] []
[2021-03-04T14:29:41.754395+00:00] application-generale.INFO: Array [] []
[2021-03-04T14:29:41.754680+00:00] application-generale.INFO: Array [] []
[2021-03-04T14:29:41.754960+00:00] application-generale.INFO: Array [] []
[2021-03-04T14:29:41.755239+00:00] application-generale.INFO: Array [] []
[2021-03-04T14:29:41.755803+00:00] application-generale.INFO: Array [] []
[2021-03-04T14:29:41.756454+00:00] application-generale.INFO: Creation d'une annonce -- TABLE CHAMBRE OK [] []
[2021-03-04T14:29:41.757941+00:00] application-generale.ALERT: Fonction ajout photo -- Pas d'erreur [] []
[2021-03-04T14:29:41.758840+00:00] application-generale.INFO: Creation d'une annonce -- TABLE PHOTOS OK [] []
[2021-03-04T14:29:41.761389+00:00] application-generale.INFO: Creation d'une annonce -- TABLE PHOTO LOGEMENT OK [] []
[2021-03-04T14:29:41.763413+00:00] application-generale.ALERT: Fonction ajout photo -- Pas d'erreur [] []
[2021-03-04T14:29:41.764493+00:00] application-generale.INFO: Creation d'une annonce -- TABLE PHOTOS OK [] []
[2021-03-04T14:29:41.767387+00:00] application-generale.INFO: Creation d'une annonce -- TABLE PHOTO CHAMBRE OK [] []
[2021-03-04T14:29:41.769515+00:00] application-generale.INFO: Creation d'une annonce -- TABLE REGLES LOGEMENT OK [] []
[2021-03-04T14:29:41.769822+00:00] application-generale.INFO: Creation d'une annonce -- TABLE REGLES LOGEMENT OK [] []
[2021-03-04T14:29:41.772397+00:00] application-generale.INFO: Creation d'une annonce -- TABLE EQUIPEMENTS LOGEMENT OK [] []
[2021-03-04T14:29:41.772885+00:00] application-generale.INFO: Creation d'une annonce -- TABLE EQUIPEMENTS LOGEMENT OK [] []
[2021-03-04T14:29:41.774829+00:00] application-generale.INFO: Creation d'une annonce -- FIN DES REQ [] []
[2021-03-04T14:29:41.792787+00:00] application-generale.INFO: Recuperation des données du compte utilisateur -- SUCCESS [] []
[2021-03-04T14:29:41.794904+00:00] application-generale.INFO: Recuperation des photos de l'utilisateur -- SUCCESS [] []
[2021-03-04T14:29:41.795660+00:00] application-generale.INFO: Recuperation des données des annonces de l'utilisateur -- SUCCESS [] []
[2021-03-04T14:29:41.795736+00:00] application-generale.INFO: Recuperation des données -- FIN DES REQ [] []
[2021-03-04T14:31:01.636788+00:00] application-generale.INFO: Recuperation des données de toutes les annonces -- SUCCESS [] []
[2021-03-04T14:31:01.641324+00:00] application-generale.INFO: Recuperation des données du nombre d'annonces -- SUCCESS [] []
[2021-03-04T14:31:01.642575+00:00] application-generale.INFO: Recuperation des données des villes -- SUCCESS [] []
[2021-03-04T14:31:01.642707+00:00] application-generale.INFO: Recuperation des données -- FIN DES REQ [] []
[2021-03-04T14:31:01.649697+00:00] application-generale.INFO: Recuperation des données des regles -- SUCCESS [] []
[2021-03-04T14:31:01.651153+00:00] application-generale.INFO: Recuperation des données des regles -- SUCCESS [] []
[2021-03-04T14:31:01.651254+00:00] application-generale.INFO: Recuperation des données -- FIN DES REQ [] []
[2021-03-04T14:31:01.653850+00:00] application-generale.INFO: Recuperation des données des regles -- SUCCESS [] []
[2021-03-04T14:31:01.654692+00:00] application-generale.INFO: Recuperation des données des regles -- SUCCESS [] []
[2021-03-04T14:31:01.654778+00:00] application-generale.INFO: Recuperation des données -- FIN DES REQ [] []
[2021-03-04T14:31:01.657646+00:00] application-generale.INFO: Recuperation des données des regles -- SUCCESS [] []
[2021-03-04T14:31:01.658143+00:00] application-generale.INFO: Recuperation des données des regles -- SUCCESS [] []
[2021-03-04T14:31:01.658194+00:00] application-generale.INFO: Recuperation des données -- FIN DES REQ [] []
[2021-03-04T14:31:01.660434+00:00] application-generale.INFO: Recuperation des données des regles -- SUCCESS [] []
[2021-03-04T14:31:01.662674+00:00] application-generale.INFO: Recuperation des données des regles -- SUCCESS [] []
[2021-03-04T14:31:01.662740+00:00] application-generale.INFO: Recuperation des données -- FIN DES REQ [] []
[2021-03-04T14:31:01.665341+00:00] application-generale.INFO: Recuperation des données des regles -- SUCCESS [] []
[2021-03-04T14:31:01.665777+00:00] application-generale.INFO: Recuperation des données des regles -- SUCCESS [] []
[2021-03-04T14:31:01.665824+00:00] application-generale.INFO: Recuperation des données -- FIN DES REQ [] []
[2021-03-04T14:31:11.631081+00:00] application-generale.INFO: Recuperation des données du compte utilisateur -- SUCCESS [] []
[2021-03-04T14:31:11.635043+00:00] application-generale.INFO: Recuperation des photos de l'utilisateur -- SUCCESS [] []
[2021-03-04T14:31:11.637011+00:00] application-generale.INFO: Recuperation des données des annonces de l'utilisateur -- SUCCESS [] []
[2021-03-04T14:31:11.637187+00:00] application-generale.INFO: Recuperation des données -- FIN DES REQ [] []
[2021-03-04T14:31:18.054296+00:00] application-generale.INFO: Modification du statut du logement -- TABLE LOGEMENT OK [] []
[2021-03-04T14:31:18.056966+00:00] application-generale.INFO: Modification d'un logement -- FIN DES REQ [] []
[2021-03-04T14:31:18.079858+00:00] application-generale.INFO: Recuperation des données du compte utilisateur -- SUCCESS [] []
[2021-03-04T14:31:18.083122+00:00] application-generale.INFO: Recuperation des photos de l'utilisateur -- SUCCESS [] []
[2021-03-04T14:31:18.084869+00:00] application-generale.INFO: Recuperation des données des annonces de l'utilisateur -- SUCCESS [] []
[2021-03-04T14:31:18.085150+00:00] application-generale.INFO: Recuperation des données -- FIN DES REQ [] []
[2021-03-04T14:31:22.235844+00:00] application-generale.INFO: Modification du statut du logement -- TABLE LOGEMENT OK [] []
[2021-03-04T14:31:22.239329+00:00] application-generale.INFO: Modification d'un logement -- FIN DES REQ [] []
[2021-03-04T14:31:22.258552+00:00] application-generale.INFO: Recuperation des données du compte utilisateur -- SUCCESS [] []
[2021-03-04T14:31:22.260924+00:00] application-generale.INFO: Recuperation des photos de l'utilisateur -- SUCCESS [] []
[2021-03-04T14:31:22.265369+00:00] application-generale.INFO: Recuperation des données des annonces de l'utilisateur -- SUCCESS [] []
[2021-03-04T14:31:22.265571+00:00] application-generale.INFO: Recuperation des données -- FIN DES REQ [] []
[2021-03-04T14:31:41.323630+00:00] application-generale.INFO: Modification du statut du logement -- TABLE LOGEMENT OK [] []
[2021-03-04T14:31:41.326218+00:00] application-generale.INFO: Modification d'un logement -- FIN DES REQ [] []
[2021-03-04T14:31:41.346295+00:00] application-generale.INFO: Recuperation des données du compte utilisateur -- SUCCESS [] []
[2021-03-04T14:31:41.349188+00:00] application-generale.INFO: Recuperation des photos de l'utilisateur -- SUCCESS [] []
[2021-03-04T14:31:41.350208+00:00] application-generale.INFO: Recuperation des données des annonces de l'utilisateur -- SUCCESS [] []
[2021-03-04T14:31:41.350333+00:00] application-generale.INFO: Recuperation des données -- FIN DES REQ [] []
[2021-03-04T14:31:44.874150+00:00] application-generale.INFO: Recuperation des données de toutes les annonces -- SUCCESS [] []
[2021-03-04T14:31:44.877375+00:00] application-generale.INFO: Recuperation des données du nombre d'annonces -- SUCCESS [] []
[2021-03-04T14:31:44.877981+00:00] application-generale.INFO: Recuperation des données des villes -- SUCCESS [] []
[2021-03-04T14:31:44.878077+00:00] application-generale.INFO: Recuperation des données -- FIN DES REQ [] []
[2021-03-04T14:31:44.883895+00:00] application-generale.INFO: Recuperation des données des regles -- SUCCESS [] []
[2021-03-04T14:31:44.884828+00:00] application-generale.INFO: Recuperation des données des regles -- SUCCESS [] []
[2021-03-04T14:31:44.884907+00:00] application-generale.INFO: Recuperation des données -- FIN DES REQ [] []
[2021-03-04T14:31:44.887637+00:00] application-generale.INFO: Recuperation des données des regles -- SUCCESS [] []
[2021-03-04T14:31:44.888187+00:00] application-generale.INFO: Recuperation des données des regles -- SUCCESS [] []
[2021-03-04T14:31:44.888256+00:00] application-generale.INFO: Recuperation des données -- FIN DES REQ [] []
[2021-03-04T14:31:44.891972+00:00] application-generale.INFO: Recuperation des données des regles -- SUCCESS [] []
[2021-03-04T14:31:44.892505+00:00] application-generale.INFO: Recuperation des données des regles -- SUCCESS [] []
[2021-03-04T14:31:44.892568+00:00] application-generale.INFO: Recuperation des données -- FIN DES REQ [] []
[2021-03-04T14:31:44.894701+00:00] application-generale.INFO: Recuperation des données des regles -- SUCCESS [] []
[2021-03-04T14:31:44.895116+00:00] application-generale.INFO: Recuperation des données des regles -- SUCCESS [] []
[2021-03-04T14:31:44.895164+00:00] application-generale.INFO: Recuperation des données -- FIN DES REQ [] []
[2021-03-04T14:31:55.281483+00:00] application-generale.INFO: Recuperation des données du compte utilisateur -- SUCCESS [] []
[2021-03-04T14:31:55.283889+00:00] application-generale.INFO: Recuperation des photos de l'utilisateur -- SUCCESS [] []
[2021-03-04T14:31:55.285442+00:00] application-generale.INFO: Recuperation des données des annonces de l'utilisateur -- SUCCESS [] []
[2021-03-04T14:31:55.285538+00:00] application-generale.INFO: Recuperation des données -- FIN DES REQ [] []
[2021-03-04T14:31:58.919112+00:00] application-generale.INFO: Modification du statut du logement -- TABLE LOGEMENT OK [] []
[2021-03-04T14:31:58.921312+00:00] application-generale.INFO: Modification d'un logement -- FIN DES REQ [] []
[2021-03-04T14:31:58.938716+00:00] application-generale.INFO: Recuperation des données du compte utilisateur -- SUCCESS [] []
[2021-03-04T14:31:58.940821+00:00] application-generale.INFO: Recuperation des photos de l'utilisateur -- SUCCESS [] []
[2021-03-04T14:31:58.941892+00:00] application-generale.INFO: Recuperation des données des annonces de l'utilisateur -- SUCCESS [] []
[2021-03-04T14:31:58.942006+00:00] application-generale.INFO: Recuperation des données -- FIN DES REQ [] []
[2021-03-04T14:32:01.034834+00:00] application-generale.INFO: Recuperation des données de toutes les annonces -- SUCCESS [] []
[2021-03-04T14:32:01.037143+00:00] application-generale.INFO: Recuperation des données du nombre d'annonces -- SUCCESS [] []
[2021-03-04T14:32:01.037836+00:00] application-generale.INFO: Recuperation des données des villes -- SUCCESS [] []
[2021-03-04T14:32:01.037955+00:00] application-generale.INFO: Recuperation des données -- FIN DES REQ [] []
[2021-03-04T14:32:01.042959+00:00] application-generale.INFO: Recuperation des données des regles -- SUCCESS [] []
[2021-03-04T14:32:01.044208+00:00] application-generale.INFO: Recuperation des données des regles -- SUCCESS [] []
[2021-03-04T14:32:01.044429+00:00] application-generale.INFO: Recuperation des données -- FIN DES REQ [] []
[2021-03-04T14:32:01.047128+00:00] application-generale.INFO: Recuperation des données des regles -- SUCCESS [] []
[2021-03-04T14:32:01.047635+00:00] application-generale.INFO: Recuperation des données des regles -- SUCCESS [] []
[2021-03-04T14:32:01.047701+00:00] application-generale.INFO: Recuperation des données -- FIN DES REQ [] []
[2021-03-04T14:32:01.050904+00:00] application-generale.INFO: Recuperation des données des regles -- SUCCESS [] []
[2021-03-04T14:32:01.051498+00:00] application-generale.INFO: Recuperation des données des regles -- SUCCESS [] []
[2021-03-04T14:32:01.051569+00:00] application-generale.INFO: Recuperation des données -- FIN DES REQ [] []
[2021-03-04T14:32:01.053787+00:00] application-generale.INFO: Recuperation des données des regles -- SUCCESS [] []
[2021-03-04T14:32:01.054193+00:00] application-generale.INFO: Recuperation des données des regles -- SUCCESS [] []
[2021-03-04T14:32:01.054241+00:00] application-generale.INFO: Recuperation des données -- FIN DES REQ [] []
[2021-03-04T14:32:01.056881+00:00] application-generale.INFO: Recuperation des données des regles -- SUCCESS [] []
[2021-03-04T14:32:01.057559+00:00] application-generale.INFO: Recuperation des données des regles -- SUCCESS [] []
[2021-03-04T14:32:01.057617+00:00] application-generale.INFO: Recuperation des données -- FIN DES REQ [] []
[2021-03-04T14:32:21.269941+00:00] application-generale.INFO: Recuperation des données des equipements -- SUCCESS [] []
[2021-03-04T14:32:21.272951+00:00] application-generale.INFO: Recuperation des données des villes -- SUCCESS [] []
[2021-03-04T14:32:21.273381+00:00] application-generale.INFO: Recuperation des données des regles -- SUCCESS [] []
[2021-03-04T14:32:21.273448+00:00] application-generale.INFO: Recuperation des données -- FIN DES REQ [] []
[2021-03-04T14:34:12.213340+00:00] application-generale.INFO: Creation d'une annonce -- VERIF SERVEUR OK [] []
[2021-03-04T14:34:12.219518+00:00] application-generale.INFO: Creation d'une annonce -- SANITIZE OK [] []
[2021-03-04T14:34:12.221474+00:00] application-generale.INFO: Creation d'une annonce -- TABLE LOGEMENT OK [] []
[2021-03-04T14:34:12.221567+00:00] application-generale.INFO: 0 [] []
[2021-03-04T14:34:12.237495+00:00] application-generale.INFO: Petite Chambre [] []
[2021-03-04T14:34:12.237556+00:00] application-generale.INFO: Très Sympa [] []
[2021-03-04T14:34:12.237587+00:00] application-generale.INFO: 10 [] []
[2021-03-04T14:34:12.237616+00:00] application-generale.INFO: Chambre principale [] []
[2021-03-04T14:34:12.237644+00:00] application-generale.INFO: 2021-03-27 [] []
[2021-03-04T14:34:12.237671+00:00] application-generale.INFO: 12 [] []
[2021-03-04T14:34:12.237697+00:00] application-generale.INFO: 450 [] []
[2021-03-04T14:34:12.237786+00:00] application-generale.INFO: 30 [] []
[2021-03-04T14:34:12.237818+00:00] application-generale.INFO: 420 [] []
[2021-03-04T14:34:12.237845+00:00] application-generale.INFO: 45 [] []
[2021-03-04T14:34:12.237872+00:00] application-generale.INFO: 0 [] []
[2021-03-04T14:34:12.237899+00:00] application-generale.INFO: Maison vue mer [] []
[2021-03-04T14:34:12.237925+00:00] application-generale.INFO: très jolie [] []
[2021-03-04T14:34:12.237950+00:00] application-generale.INFO: Maison [] []
[2021-03-04T14:34:12.237977+00:00] application-generale.INFO: 100 [] []
[2021-03-04T14:34:12.238003+00:00] application-generale.INFO: 47 [] []
[2021-03-04T14:34:12.238028+00:00] application-generale.INFO: 1 [] []
[2021-03-04T14:34:12.238054+00:00] application-generale.INFO: 0 [] []
[2021-03-04T14:34:12.238569+00:00] application-generale.INFO: Array [] []
[2021-03-04T14:34:12.238852+00:00] application-generale.INFO: Array [] []
[2021-03-04T14:34:12.238897+00:00] application-generale.INFO: eccbc87e4b5ce2fe28308fd9f2a7baf3 [] []
[2021-03-04T14:34:12.238933+00:00] application-generale.INFO: 20 [] []
[2021-03-04T14:34:12.238969+00:00] application-generale.INFO: 40 [] []
[2021-03-04T14:34:12.239237+00:00] application-generale.INFO: Array [] []
[2021-03-04T14:34:12.239493+00:00] application-generale.INFO: Array [] []
[2021-03-04T14:34:12.239531+00:00] application-generale.INFO: 10 [] []
[2021-03-04T14:34:12.239563+00:00] application-generale.INFO: Chambre principale [] []
[2021-03-04T14:34:12.239595+00:00] application-generale.INFO: 0 [] []
[2021-03-04T14:34:12.240028+00:00] application-generale.INFO: Array [] []
[2021-03-04T14:34:12.240288+00:00] application-generale.INFO: Array [] []
[2021-03-04T14:34:12.240543+00:00] application-generale.INFO: Array [] []
[2021-03-04T14:34:12.240884+00:00] application-generale.INFO: Array [] []
[2021-03-04T14:34:12.242298+00:00] application-generale.INFO: Array [] []
[2021-03-04T14:34:12.242634+00:00] application-generale.INFO: Array [] []
[2021-03-04T14:34:12.242894+00:00] application-generale.INFO: Array [] []
[2021-03-04T14:34:12.243479+00:00] application-generale.INFO: Creation d'une annonce -- TABLE CHAMBRE OK [] []
[2021-03-04T14:34:12.243912+00:00] application-generale.ALERT: Fonction ajout photo -- ERREUR 2 [] []
[2021-03-04T14:34:12.244161+00:00] application-generale.ALERT: Creation d'une annonce -- Erreur lors de l'ajout de l'image logement [] []
[2021-03-04T14:34:12.245148+00:00] application-generale.ALERT: Fonction ajout photo -- Pas d'erreur [] []
[2021-03-04T14:34:12.245925+00:00] application-generale.INFO: Creation d'une annonce -- TABLE PHOTOS OK [] []
[2021-03-04T14:34:12.246259+00:00] application-generale.INFO: Creation d'une annonce -- TABLE PHOTO CHAMBRE OK [] []
[2021-03-04T14:34:12.248653+00:00] application-generale.INFO: Creation d'une annonce -- TABLE REGLES LOGEMENT OK [] []
[2021-03-04T14:34:12.251138+00:00] application-generale.INFO: Creation d'une annonce -- TABLE EQUIPEMENTS LOGEMENT OK [] []
[2021-03-04T14:34:12.253200+00:00] application-generale.INFO: Creation d'une annonce -- FIN DES REQ [] []
[2021-03-04T14:34:12.270967+00:00] application-generale.INFO: Recuperation des données du compte utilisateur -- SUCCESS [] []
[2021-03-04T14:34:12.273112+00:00] application-generale.INFO: Recuperation des photos de l'utilisateur -- SUCCESS [] []
[2021-03-04T14:34:12.273854+00:00] application-generale.INFO: Recuperation des données des annonces de l'utilisateur -- SUCCESS [] []
[2021-03-04T14:34:12.273932+00:00] application-generale.INFO: Recuperation des données -- FIN DES REQ [] []
[2021-03-04T14:35:32.387919+00:00] application-generale.INFO: Modification du statut du logement -- TABLE LOGEMENT OK [] []
[2021-03-04T14:35:32.390355+00:00] application-generale.INFO: Modification d'un logement -- FIN DES REQ [] []
[2021-03-04T14:35:32.406218+00:00] application-generale.INFO: Recuperation des données du compte utilisateur -- SUCCESS [] []
[2021-03-04T14:35:32.408732+00:00] application-generale.INFO: Recuperation des photos de l'utilisateur -- SUCCESS [] []
[2021-03-04T14:35:32.409612+00:00] application-generale.INFO: Recuperation des données des annonces de l'utilisateur -- SUCCESS [] []
[2021-03-04T14:35:32.409699+00:00] application-generale.INFO: Recuperation des données -- FIN DES REQ [] []
[2021-03-04T14:35:47.024398+00:00] application-generale.INFO: Recuperation des données de toutes les annonces -- SUCCESS [] []
[2021-03-04T14:35:47.027167+00:00] application-generale.INFO: Recuperation des données du nombre d'annonces -- SUCCESS [] []
[2021-03-04T14:35:47.027903+00:00] application-generale.INFO: Recuperation des données des villes -- SUCCESS [] []
[2021-03-04T14:35:47.028032+00:00] application-generale.INFO: Recuperation des données -- FIN DES REQ [] []
[2021-03-04T14:35:47.035534+00:00] application-generale.INFO: Recuperation des données des regles -- SUCCESS [] []
[2021-03-04T14:35:47.036849+00:00] application-generale.INFO: Recuperation des données des regles -- SUCCESS [] []
[2021-03-04T14:35:47.036995+00:00] application-generale.INFO: Recuperation des données -- FIN DES REQ [] []
[2021-03-04T14:35:47.039960+00:00] application-generale.INFO: Recuperation des données des regles -- SUCCESS [] []
[2021-03-04T14:35:47.041466+00:00] application-generale.INFO: Recuperation des données des regles -- SUCCESS [] []
[2021-03-04T14:35:47.041597+00:00] application-generale.INFO: Recuperation des données -- FIN DES REQ [] []
[2021-03-04T14:35:47.044640+00:00] application-generale.INFO: Recuperation des données des regles -- SUCCESS [] []
[2021-03-04T14:35:47.045056+00:00] application-generale.INFO: Recuperation des données des regles -- SUCCESS [] []
[2021-03-04T14:35:47.045104+00:00] application-generale.INFO: Recuperation des données -- FIN DES REQ [] []
[2021-03-04T14:35:47.047793+00:00] application-generale.INFO: Recuperation des données des regles -- SUCCESS [] []
[2021-03-04T14:35:47.048432+00:00] application-generale.INFO: Recuperation des données des regles -- SUCCESS [] []
[2021-03-04T14:35:47.048501+00:00] application-generale.INFO: Recuperation des données -- FIN DES REQ [] []
[2021-03-04T14:35:47.050902+00:00] application-generale.INFO: Recuperation des données des regles -- SUCCESS [] []
[2021-03-04T14:35:47.051313+00:00] application-generale.INFO: Recuperation des données des regles -- SUCCESS [] []
[2021-03-04T14:35:47.051363+00:00] application-generale.INFO: Recuperation des données -- FIN DES REQ [] []
[2021-03-04T14:35:56.358069+00:00] application-generale.INFO: Recuperation des données de toutes les annonces -- SUCCESS [] []
[2021-03-04T14:35:56.360652+00:00] application-generale.INFO: Recuperation des données du nombre d'annonces -- SUCCESS [] []
[2021-03-04T14:35:56.361846+00:00] application-generale.INFO: Recuperation des données des villes -- SUCCESS [] []
[2021-03-04T14:35:56.361964+00:00] application-generale.INFO: Recuperation des données -- FIN DES REQ [] []
[2021-03-04T14:35:56.368439+00:00] application-generale.INFO: Recuperation des données des regles -- SUCCESS [] []
[2021-03-04T14:35:56.369429+00:00] application-generale.INFO: Recuperation des données des regles -- SUCCESS [] []
[2021-03-04T14:35:56.369570+00:00] application-generale.INFO: Recuperation des données -- FIN DES REQ [] []
[2021-03-04T14:35:56.374069+00:00] application-generale.INFO: Recuperation des données des regles -- SUCCESS [] []
[2021-03-04T14:35:56.374945+00:00] application-generale.INFO: Recuperation des données des regles -- SUCCESS [] []
[2021-03-04T14:35:56.375056+00:00] application-generale.INFO: Recuperation des données -- FIN DES REQ [] []
[2021-03-04T14:35:56.378063+00:00] application-generale.INFO: Recuperation des données des regles -- SUCCESS [] []
[2021-03-04T14:35:56.378470+00:00] application-generale.INFO: Recuperation des données des regles -- SUCCESS [] []
[2021-03-04T14:35:56.378520+00:00] application-generale.INFO: Recuperation des données -- FIN DES REQ [] []
[2021-03-04T14:35:56.381455+00:00] application-generale.INFO: Recuperation des données des regles -- SUCCESS [] []
[2021-03-04T14:35:56.381987+00:00] application-generale.INFO: Recuperation des données des regles -- SUCCESS [] []
[2021-03-04T14:35:56.382125+00:00] application-generale.INFO: Recuperation des données -- FIN DES REQ [] []
[2021-03-04T14:35:56.384510+00:00] application-generale.INFO: Recuperation des données des regles -- SUCCESS [] []
[2021-03-04T14:35:56.384931+00:00] application-generale.INFO: Recuperation des données des regles -- SUCCESS [] []
[2021-03-04T14:35:56.384981+00:00] application-generale.INFO: Recuperation des données -- FIN DES REQ [] []
[2021-03-04T14:35:57.833340+00:00] application-generale.INFO: Recuperation des données des equipements -- SUCCESS [] []
[2021-03-04T14:35:57.835505+00:00] application-generale.INFO: Recuperation des données des villes -- SUCCESS [] []
[2021-03-04T14:35:57.840124+00:00] application-generale.INFO: Recuperation des données des regles -- SUCCESS [] []
[2021-03-04T14:35:57.840250+00:00] application-generale.INFO: Recuperation des données -- FIN DES REQ [] []
[2021-03-04T14:36:03.821381+00:00] application-generale.INFO: Recuperation des données de toutes les annonces -- SUCCESS [] []
[2021-03-04T14:36:03.823967+00:00] application-generale.INFO: Recuperation des données du nombre d'annonces -- SUCCESS [] []
[2021-03-04T14:36:03.824941+00:00] application-generale.INFO: Recuperation des données des villes -- SUCCESS [] []
[2021-03-04T14:36:03.825170+00:00] application-generale.INFO: Recuperation des données -- FIN DES REQ [] []
[2021-03-04T14:36:03.831424+00:00] application-generale.INFO: Recuperation des données des regles -- SUCCESS [] []
[2021-03-04T14:36:03.833100+00:00] application-generale.INFO: Recuperation des données des regles -- SUCCESS [] []
[2021-03-04T14:36:03.833242+00:00] application-generale.INFO: Recuperation des données -- FIN DES REQ [] []
[2021-03-04T14:36:03.835672+00:00] application-generale.INFO: Recuperation des données des regles -- SUCCESS [] []
[2021-03-04T14:36:03.836094+00:00] application-generale.INFO: Recuperation des données des regles -- SUCCESS [] []
[2021-03-04T14:36:03.836142+00:00] application-generale.INFO: Recuperation des données -- FIN DES REQ [] []
[2021-03-04T14:36:03.839200+00:00] application-generale.INFO: Recuperation des données des regles -- SUCCESS [] []
[2021-03-04T14:36:03.839896+00:00] application-generale.INFO: Recuperation des données des regles -- SUCCESS [] []
[2021-03-04T14:36:03.839964+00:00] application-generale.INFO: Recuperation des données -- FIN DES REQ [] []
[2021-03-04T14:36:03.842043+00:00] application-generale.INFO: Recuperation des données des regles -- SUCCESS [] []
[2021-03-04T14:36:03.842430+00:00] application-generale.INFO: Recuperation des données des regles -- SUCCESS [] []
[2021-03-04T14:36:03.842477+00:00] application-generale.INFO: Recuperation des données -- FIN DES REQ [] []
[2021-03-04T14:36:03.844860+00:00] application-generale.INFO: Recuperation des données des regles -- SUCCESS [] []
[2021-03-04T14:36:03.845437+00:00] application-generale.INFO: Recuperation des données des regles -- SUCCESS [] []
[2021-03-04T14:36:03.845505+00:00] application-generale.INFO: Recuperation des données -- FIN DES REQ [] []
[2021-03-04T14:36:12.172278+00:00] application-generale.INFO: Recuperation des données du compte utilisateur -- SUCCESS [] []
[2021-03-04T14:36:12.174573+00:00] application-generale.INFO: Recuperation des photos de l'utilisateur -- SUCCESS [] []
[2021-03-04T14:36:12.175294+00:00] application-generale.INFO: Recuperation des données des annonces de l'utilisateur -- SUCCESS [] []
[2021-03-04T14:36:12.175372+00:00] application-generale.INFO: Recuperation des données -- FIN DES REQ [] []
[2021-03-04T14:36:19.464225+00:00] application-generale.INFO: Recuperation des données de toutes les annonces -- SUCCESS [] []
[2021-03-04T14:36:19.468156+00:00] application-generale.INFO: Recuperation des données du nombre d'annonces -- SUCCESS [] []
[2021-03-04T14:36:19.468516+00:00] application-generale.INFO: Recuperation des données des villes -- SUCCESS [] []
[2021-03-04T14:36:19.468563+00:00] application-generale.INFO: Recuperation des données -- FIN DES REQ [] []
[2021-03-04T14:36:19.472739+00:00] application-generale.INFO: Recuperation des données des regles -- SUCCESS [] []
[2021-03-04T14:36:19.473322+00:00] application-generale.INFO: Recuperation des données des regles -- SUCCESS [] []
[2021-03-04T14:36:19.473382+00:00] application-generale.INFO: Recuperation des données -- FIN DES REQ [] []
[2021-03-04T14:36:19.475410+00:00] application-generale.INFO: Recuperation des données des regles -- SUCCESS [] []
[2021-03-04T14:36:19.475831+00:00] application-generale.INFO: Recuperation des données des regles -- SUCCESS [] []
[2021-03-04T14:36:19.475978+00:00] application-generale.INFO: Recuperation des données -- FIN DES REQ [] []
[2021-03-04T14:36:19.478851+00:00] application-generale.INFO: Recuperation des données des regles -- SUCCESS [] []
[2021-03-04T14:36:19.479270+00:00] application-generale.INFO: Recuperation des données des regles -- SUCCESS [] []
[2021-03-04T14:36:19.479319+00:00] application-generale.INFO: Recuperation des données -- FIN DES REQ [] []
[2021-03-04T14:36:19.481463+00:00] application-generale.INFO: Recuperation des données des regles -- SUCCESS [] []
[2021-03-04T14:36:19.481872+00:00] application-generale.INFO: Recuperation des données des regles -- SUCCESS [] []
[2021-03-04T14:36:19.481919+00:00] application-generale.INFO: Recuperation des données -- FIN DES REQ [] []
[2021-03-04T14:36:19.484426+00:00] application-generale.INFO: Recuperation des données des regles -- SUCCESS [] []
[2021-03-04T14:36:19.485045+00:00] application-generale.INFO: Recuperation des données des regles -- SUCCESS [] []
[2021-03-04T14:36:19.485122+00:00] application-generale.INFO: Recuperation des données -- FIN DES REQ [] []
[2021-03-04T14:36:26.365155+00:00] application-generale.INFO: Recuperation des données de toutes les annonces -- SUCCESS [] []
[2021-03-04T14:36:26.369580+00:00] application-generale.INFO: Recuperation des données du nombre d'annonces -- SUCCESS [] []
[2021-03-04T14:36:26.370538+00:00] application-generale.INFO: Recuperation des données des villes -- SUCCESS [] []
[2021-03-04T14:36:26.370759+00:00] application-generale.INFO: Recuperation des données -- FIN DES REQ [] []
[2021-03-04T14:36:26.375561+00:00] application-generale.INFO: Recuperation des données des regles -- SUCCESS [] []
[2021-03-04T14:36:26.376102+00:00] application-generale.INFO: Recuperation des données des regles -- SUCCESS [] []
[2021-03-04T14:36:26.376157+00:00] application-generale.INFO: Recuperation des données -- FIN DES REQ [] []
[2021-03-04T14:36:26.378414+00:00] application-generale.INFO: Recuperation des données des regles -- SUCCESS [] []
[2021-03-04T14:36:26.378971+00:00] application-generale.INFO: Recuperation des données des regles -- SUCCESS [] []
[2021-03-04T14:36:26.379065+00:00] application-generale.INFO: Recuperation des données -- FIN DES REQ [] []
[2021-03-04T14:36:26.382226+00:00] application-generale.INFO: Recuperation des données des regles -- SUCCESS [] []
[2021-03-04T14:36:26.382660+00:00] application-generale.INFO: Recuperation des données des regles -- SUCCESS [] []
[2021-03-04T14:36:26.382711+00:00] application-generale.INFO: Recuperation des données -- FIN DES REQ [] []
[2021-03-04T14:36:26.384873+00:00] application-generale.INFO: Recuperation des données des regles -- SUCCESS [] []
[2021-03-04T14:36:26.385402+00:00] application-generale.INFO: Recuperation des données des regles -- SUCCESS [] []
[2021-03-04T14:36:26.385486+00:00] application-generale.INFO: Recuperation des données -- FIN DES REQ [] []
[2021-03-04T14:36:26.388557+00:00] application-generale.INFO: Recuperation des données des regles -- SUCCESS [] []
[2021-03-04T14:36:26.389389+00:00] application-generale.INFO: Recuperation des données des regles -- SUCCESS [] []
[2021-03-04T14:36:26.389483+00:00] application-generale.INFO: Recuperation des données -- FIN DES REQ [] []
[2021-03-04T14:36:38.541513+00:00] application-generale.INFO: Recuperation des données du compte utilisateur -- SUCCESS [] []
[2021-03-04T14:36:38.543536+00:00] application-generale.INFO: Recuperation des photos de l'utilisateur -- SUCCESS [] []
[2021-03-04T14:36:38.544324+00:00] application-generale.INFO: Recuperation des données des annonces de l'utilisateur -- SUCCESS [] []
[2021-03-04T14:36:38.544405+00:00] application-generale.INFO: Recuperation des données -- FIN DES REQ [] []
[2021-03-04T14:36:48.963880+00:00] application-generale.INFO: Recuperation des données du compte utilisateur -- SUCCESS [] []
[2021-03-04T14:36:48.965837+00:00] application-generale.INFO: Recuperation des photos de l'utilisateur -- SUCCESS [] []
[2021-03-04T14:36:48.966697+00:00] application-generale.INFO: Recuperation des données des annonces de l'utilisateur -- SUCCESS [] []
[2021-03-04T14:36:48.966798+00:00] application-generale.INFO: Recuperation des données -- FIN DES REQ [] []
[2021-03-04T14:36:59.908907+00:00] application-generale.INFO: Recuperation des données de toutes les annonces -- SUCCESS [] []
[2021-03-04T14:36:59.913544+00:00] application-generale.INFO: Recuperation des données du nombre d'annonces -- SUCCESS [] []
[2021-03-04T14:36:59.914642+00:00] application-generale.INFO: Recuperation des données des villes -- SUCCESS [] []
[2021-03-04T14:36:59.914826+00:00] application-generale.INFO: Recuperation des données -- FIN DES REQ [] []
[2021-03-04T14:36:59.922039+00:00] application-generale.INFO: Recuperation des données des regles -- SUCCESS [] []
[2021-03-04T14:36:59.922865+00:00] application-generale.INFO: Recuperation des données des regles -- SUCCESS [] []
[2021-03-04T14:36:59.922989+00:00] application-generale.INFO: Recuperation des données -- FIN DES REQ [] []
[2021-03-04T14:36:59.925516+00:00] application-generale.INFO: Recuperation des données des regles -- SUCCESS [] []
[2021-03-04T14:36:59.926019+00:00] application-generale.INFO: Recuperation des données des regles -- SUCCESS [] []
[2021-03-04T14:36:59.926086+00:00] application-generale.INFO: Recuperation des données -- FIN DES REQ [] []
[2021-03-04T14:36:59.929884+00:00] application-generale.INFO: Recuperation des données des regles -- SUCCESS [] []
[2021-03-04T14:36:59.930430+00:00] application-generale.INFO: Recuperation des données des regles -- SUCCESS [] []
[2021-03-04T14:36:59.930494+00:00] application-generale.INFO: Recuperation des données -- FIN DES REQ [] []
[2021-03-04T14:36:59.932681+00:00] application-generale.INFO: Recuperation des données des regles -- SUCCESS [] []
[2021-03-04T14:36:59.933135+00:00] application-generale.INFO: Recuperation des données des regles -- SUCCESS [] []
[2021-03-04T14:36:59.933194+00:00] application-generale.INFO: Recuperation des données -- FIN DES REQ [] []
[2021-03-04T14:36:59.936755+00:00] application-generale.INFO: Recuperation des données des regles -- SUCCESS [] []
[2021-03-04T14:36:59.937379+00:00] application-generale.INFO: Recuperation des données des regles -- SUCCESS [] []
[2021-03-04T14:36:59.937467+00:00] application-generale.INFO: Recuperation des données -- FIN DES REQ [] []
[2021-03-04T14:40:20.010014+00:00] application-generale.INFO: Recuperation des données du compte utilisateur -- SUCCESS [] []
[2021-03-04T14:40:20.012460+00:00] application-generale.INFO: Recuperation des photos de l'utilisateur -- SUCCESS [] []
[2021-03-04T14:40:20.013103+00:00] application-generale.INFO: Recuperation des données des annonces de l'utilisateur -- SUCCESS [] []
[2021-03-04T14:40:20.013171+00:00] application-generale.INFO: Recuperation des données -- FIN DES REQ [] []
[2021-03-04T14:40:50.293404+00:00] application-generale.INFO: Modification du statut du logement -- TABLE LOGEMENT OK [] []
[2021-03-04T14:40:50.296535+00:00] application-generale.INFO: Modification d'un logement -- FIN DES REQ [] []
[2021-03-04T14:40:50.317843+00:00] application-generale.INFO: Recuperation des données du compte utilisateur -- SUCCESS [] []
[2021-03-04T14:40:50.320127+00:00] application-generale.INFO: Recuperation des photos de l'utilisateur -- SUCCESS [] []
[2021-03-04T14:40:50.321880+00:00] application-generale.INFO: Recuperation des données des annonces de l'utilisateur -- SUCCESS [] []
[2021-03-04T14:40:50.322263+00:00] application-generale.INFO: Recuperation des données -- FIN DES REQ [] []
